生成启动时间为 2015/7/8 12:34:37。
     1>项目“C:\CPPProject\_ALL\hello\hello.vcxproj”在节点 2 上(Build 个目标)。
     1>CustomBuild:
         Moc'ing hello.h...
         Uic'ing hello.ui...
         Rcc'ing hello.qrc...
     1>RCC : warning : No resources in 'C:\CPPProject\_ALL\hello\hello.qrc'.
         
     1>C:\Program Files (x86)\MSBuild\Microsoft.Cpp\v4.0\V120\Microsoft.CppBuild.targets(935,5): warning MSB8027: Two or more files with the name of moc_hello.cpp will produce outputs to the same location. This can lead to an incorrect build result.  The files involved are GeneratedFiles\Debug\moc_hello.cpp, GeneratedFiles\Release\moc_hello.cpp.
       ClCompile:
         C:\Program Files (x86)\Microsoft Visual Studio 12.0\VC\bin\x86_amd64\CL.exe /c /I.\GeneratedFiles /I. /IC:\Qt\Qt5.4.1\5.4\msvc2013_64_opengl\include /I.\GeneratedFiles\Debug /IC:\Qt\Qt5.4.1\5.4\msvc2013_64_opengl\include\QtCore /IC:\Qt\Qt5.4.1\5.4\msvc2013_64_opengl\include\QtGui /IC:\Qt\Qt5.4.1\5.4\msvc2013_64_opengl\include\QtWidgets /Zi /nologo /W1 /WX- /Od /D UNICODE /D WIN32 /D WIN64 /D QT_DLL /D QT_CORE_LIB /D QT_GUI_LIB /D QT_WIDGETS_LIB /Gm- /EHsc /MDd /GS /fp:precise /Zc:wchar_t /Zc:forScope /Fo"x64\Debug\\" /Fd"x64\Debug\vc120.pdb" /Gd /TP /errorReport:prompt GeneratedFiles\Debug\moc_hello.cpp hello.cpp main.cpp
         moc_hello.cpp
         hello.cpp
         main.cpp
         正在生成代码...
         C:\Program Files (x86)\Microsoft Visual Studio 12.0\VC\bin\x86_amd64\CL.exe /c /I.\GeneratedFiles /I. /IC:\Qt\Qt5.4.1\5.4\msvc2013_64_opengl\include /I.\GeneratedFiles\Debug /IC:\Qt\Qt5.4.1\5.4\msvc2013_64_opengl\include\QtCore /IC:\Qt\Qt5.4.1\5.4\msvc2013_64_opengl\include\QtGui /IC:\Qt\Qt5.4.1\5.4\msvc2013_64_opengl\include\QtWidgets /Zi /nologo /W1 /WX- /Od /D UNICODE /D WIN32 /D WIN64 /D QT_DLL /D QT_CORE_LIB /D QT_GUI_LIB /D QT_WIDGETS_LIB /Gm- /EHsc /MDd /GS /fp:precise /Zc:wchar_t /Zc:forScope /Fo"x64\Debug\\" /Fd"x64\Debug\vc120.pdb" /Gd /TP /errorReport:prompt GeneratedFiles\qrc_hello.cpp
         qrc_hello.cpp
       Link:
         C:\Program Files (x86)\Microsoft Visual Studio 12.0\VC\bin\x86_amd64\link.exe /ERRORREPORT:PROMPT /OUT:"C:\CPPProject\_ALL\x64\Debug\\hello.exe" /NOLOGO /LIBPATH:C:\Qt\Qt5.4.1\5.4\msvc2013_64_opengl\lib qtmaind.lib Qt5Cored.lib Qt5Guid.lib Qt5Widgetsd.lib kernel32.lib user32.lib gdi32.lib winspool.lib comdlg32.lib advapi32.lib shell32.lib ole32.lib oleaut32.lib uuid.lib odbc32.lib odbccp32.lib /MANIFEST /MANIFESTUAC:"level='asInvoker' uiAccess='false'" /manifest:embed /DEBUG /PDB:"C:\CPPProject\_ALL\x64\Debug\hello.pdb" /SUBSYSTEM:WINDOWS /TLBID:1 /DYNAMICBASE /NXCOMPAT /IMPLIB:"C:\CPPProject\_ALL\x64\Debug\hello.lib" /MACHINE:X64 x64\Debug\moc_hello.obj
         x64\Debug\qrc_hello.obj
         x64\Debug\hello.obj
         x64\Debug\main.obj
         hello.vcxproj -> C:\CPPProject\_ALL\x64\Debug\hello.exe
     1>已完成生成项目“C:\CPPProject\_ALL\hello\hello.vcxproj”(Build 个目标)的操作。

生成成功。

已用时间 00:00:02.85
