e:\cppproject\cppprimer_16 模板与泛型编程\cppprimer_16\debug\cppprimer_16 模板与泛型编程.pch
e:\cppproject\cppprimer_16 模板与泛型编程\cppprimer_16\debug\vc120.pdb
e:\cppproject\cppprimer_16 模板与泛型编程\cppprimer_16\debug\vc120.idb
e:\cppproject\cppprimer_16 模板与泛型编程\cppprimer_16\debug\stdafx.obj
e:\cppproject\cppprimer_16 模板与泛型编程\cppprimer_16\debug\a.obj
e:\cppproject\cppprimer_16 模板与泛型编程\cppprimer_16\debug\cppprimer_16.obj
e:\cppproject\cppprimer_16 模板与泛型编程\debug\cppprimer_16 模板与泛型编程.ilk
e:\cppproject\cppprimer_16 模板与泛型编程\debug\cppprimer_16 模板与泛型编程.exe
e:\cppproject\cppprimer_16 模板与泛型编程\debug\cppprimer_16 模板与泛型编程.pdb
d:\cppproject\cppprimer_16 模板与泛型编程\cppprimer_16\debug\a.obj
d:\cppproject\cppprimer_16 模板与泛型编程\cppprimer_16\debug\cppprimer_16.obj
d:\cppproject\cppprimer_16 模板与泛型编程\cppprimer_16\debug\stdafx.obj
d:\cppproject\cppprimer_16 模板与泛型编程\cppprimer_16\debug\cppprimer_16 模板与泛型编程.pch
d:\cppproject\cppprimer_16 模板与泛型编程\cppprimer_16\debug\vc120.idb
d:\cppproject\cppprimer_16 模板与泛型编程\cppprimer_16\debug\vc120.pdb
d:\cppproject\cppprimer_16 模板与泛型编程\cppprimer_16\debug\cppprime.56975bf7.tlog\cl.command.1.tlog
d:\cppproject\cppprimer_16 模板与泛型编程\cppprimer_16\debug\cppprime.56975bf7.tlog\cl.read.1.tlog
d:\cppproject\cppprimer_16 模板与泛型编程\cppprimer_16\debug\cppprime.56975bf7.tlog\cl.write.1.tlog
d:\cppproject\cppprimer_16 模板与泛型编程\cppprimer_16\debug\cppprime.56975bf7.tlog\link.command.1.tlog
d:\cppproject\cppprimer_16 模板与泛型编程\cppprimer_16\debug\cppprime.56975bf7.tlog\link.read.1.tlog
d:\cppproject\cppprimer_16 模板与泛型编程\cppprimer_16\debug\cppprime.56975bf7.tlog\link.write.1.tlog
