d:\cppproject\_all\tcpserver\x64\debug\vc120.pdb
d:\cppproject\_all\tcpserver\x64\debug\tcpserver.obj
d:\cppproject\_all\tcpserver\x64\debug\tcpclientsocket.obj
d:\cppproject\_all\tcpserver\x64\debug\server.obj
d:\cppproject\_all\tcpserver\x64\debug\main.obj
d:\cppproject\_all\tcpserver\x64\debug\moc_tcpserver.obj
d:\cppproject\_all\tcpserver\x64\debug\moc_tcpclientsocket.obj
d:\cppproject\_all\tcpserver\x64\debug\moc_server.obj
d:\cppproject\_all\tcpserver\debug\moc_server.cpp
d:\cppproject\_all\tcpserver\debug\moc_tcpclientsocket.cpp
d:\cppproject\_all\tcpserver\debug\moc_tcpserver.cpp
d:\cppproject\_all\tcpserver\debug\tcpserver.ilk
d:\cppproject\_all\tcpserver\debug\tcpserver.exe
d:\cppproject\_all\tcpserver\debug\tcpserver.pdb
d:\cppproject\_all\tcpserver\x64\debug\tcpserver.tlog\cl.command.1.tlog
d:\cppproject\_all\tcpserver\x64\debug\tcpserver.tlog\cl.read.1.tlog
d:\cppproject\_all\tcpserver\x64\debug\tcpserver.tlog\cl.write.1.tlog
d:\cppproject\_all\tcpserver\x64\debug\tcpserver.tlog\custombuild.command.1.tlog
d:\cppproject\_all\tcpserver\x64\debug\tcpserver.tlog\custombuild.read.1.tlog
d:\cppproject\_all\tcpserver\x64\debug\tcpserver.tlog\custombuild.write.1.tlog
d:\cppproject\_all\tcpserver\x64\debug\tcpserver.tlog\link.command.1.tlog
d:\cppproject\_all\tcpserver\x64\debug\tcpserver.tlog\link.read.1.tlog
d:\cppproject\_all\tcpserver\x64\debug\tcpserver.tlog\link.write.1.tlog
