生成启动时间为 2015/3/16 11:26:36。
     1>项目“E:\CPPProject\CLRS_SORT\CLRS_Chapter2\CLRS_Chapter2.vcxproj”在节点 2 上(Build 个目标)。
     1>ClCompile:
         C:\Program Files (x86)\Microsoft Visual Studio 12.0\VC\bin\CL.exe /c /Zi /nologo /W3 /WX- /sdl /O2 /Oi /Oy- /GL /D WIN32 /D NDEBUG /D _CONSOLE /D _LIB /D _UNICODE /D UNICODE /Gm- /EHsc /MD /GS /Gy /fp:precise /Zc:wchar_t /Zc:forScope /Yu"stdafx.h" /Fp"Release\CLRS_Chapter2.pch" /Fo"Release\\" /Fd"Release\vc120.pdb" /Gd /TP /analyze- /errorReport:prompt BubbleSort.cpp MergeSort.cpp
         BubbleSort.cpp
         MergeSort.cpp
       Link:
         C:\Program Files (x86)\Microsoft Visual Studio 12.0\VC\bin\link.exe /ERRORREPORT:PROMPT /OUT:"E:\CPPProject\CLRS_SORT\Release\CLRS_Chapter2.exe" /INCREMENTAL:NO /NOLOGO kernel32.lib user32.lib gdi32.lib winspool.lib comdlg32.lib advapi32.lib shell32.lib ole32.lib oleaut32.lib uuid.lib odbc32.lib odbccp32.lib /MANIFEST /MANIFESTUAC:"level='asInvoker' uiAccess='false'" /manifest:embed /DEBUG /PDB:"E:\CPPProject\CLRS_SORT\Release\CLRS_Chapter2.pdb" /SUBSYSTEM:CONSOLE /OPT:REF /OPT:ICF /LTCG /TLBID:1 /DYNAMICBASE /NXCOMPAT /IMPLIB:"E:\CPPProject\CLRS_SORT\Release\CLRS_Chapter2.lib" /MACHINE:X86 /SAFESEH Release\BubbleSort.obj
         Release\CLRS_Chapter2.obj
         Release\decla.obj
         Release\InsertSort.obj
         Release\MergeSort.obj
         Release\SelectSort.obj
         Release\stdafx.obj
         正在生成代码
         已完成代码的生成
         CLRS_Chapter2.vcxproj -> E:\CPPProject\CLRS_SORT\Release\CLRS_Chapter2.exe
     1>已完成生成项目“E:\CPPProject\CLRS_SORT\CLRS_Chapter2\CLRS_Chapter2.vcxproj”(Build 个目标)的操作。

生成成功。

已用时间 00:00:03.25
