生成启动时间为 2015/1/5 19:28:22。
     1>项目“C:\Users\Azro\documents\visual studio 2013\Projects\Change\Change\Change.vcxproj”在节点 2 上(Build 个目标)。
     1>ClCompile:
         C:\Program Files (x86)\Microsoft Visual Studio 12.0\VC\bin\CL.exe /c /Zi /nologo /W3 /WX- /sdl /O2 /Oi /Oy- /GL /D WIN32 /D NDEBUG /D _CONSOLE /D _LIB /D _UNICODE /D UNICODE /Gm- /EHsc /MD /GS /Gy /fp:precise /Zc:wchar_t /Zc:forScope /Yu"stdafx.h" /Fp"Release\Change.pch" /Fo"Release\\" /Fd"Release\vc120.pdb" /Gd /TP /analyze- /errorReport:prompt Deal.cpp
         Deal.cpp
     1>Deal.cpp(28): error C2065: “fout”: 未声明的标识符
     1>Deal.cpp(29): error C2065: “fout”: 未声明的标识符
     1>Deal.cpp(30): error C2065: “fout”: 未声明的标识符
     1>Deal.cpp(31): error C2065: “fout”: 未声明的标识符
     1>Deal.cpp(32): error C2065: “fout”: 未声明的标识符
     1>Deal.cpp(33): error C2065: “fout”: 未声明的标识符
     1>Deal.cpp(34): error C2065: “fout”: 未声明的标识符
     1>Deal.cpp(35): error C2065: “fout”: 未声明的标识符
     1>Deal.cpp(39): error C2065: “fout”: 未声明的标识符
     1>Deal.cpp(40): error C2065: “fout”: 未声明的标识符
     1>Deal.cpp(41): error C2065: “fout”: 未声明的标识符
     1>Deal.cpp(42): error C2065: “fout”: 未声明的标识符
     1>Deal.cpp(43): error C2065: “fout”: 未声明的标识符
     1>Deal.cpp(44): error C2065: “fout”: 未声明的标识符
     1>Deal.cpp(45): error C2065: “fout”: 未声明的标识符
     1>Deal.cpp(46): error C2065: “fout”: 未声明的标识符
     1>Deal.cpp(49): error C2065: “fout”: 未声明的标识符
     1>Deal.cpp(50): error C2065: “fout”: 未声明的标识符
     1>Deal.cpp(51): error C2065: “fout”: 未声明的标识符
     1>Deal.cpp(52): error C2065: “fout”: 未声明的标识符
     1>Deal.cpp(53): error C2065: “fout”: 未声明的标识符
     1>Deal.cpp(54): error C2065: “fout”: 未声明的标识符
     1>Deal.cpp(55): error C2065: “fout”: 未声明的标识符
     1>Deal.cpp(56): error C2065: “fout”: 未声明的标识符
     1>Deal.cpp(57): error C2065: “fout”: 未声明的标识符
     1>Deal.cpp(58): error C2065: “fout”: 未声明的标识符
     1>Deal.cpp(59): error C2065: “fout”: 未声明的标识符
     1>Deal.cpp(62): error C2065: “fout”: 未声明的标识符
     1>Deal.cpp(63): error C2065: “fout”: 未声明的标识符
     1>Deal.cpp(64): error C2065: “fout”: 未声明的标识符
     1>Deal.cpp(65): error C2065: “fout”: 未声明的标识符
     1>Deal.cpp(66): error C2065: “fout”: 未声明的标识符
     1>Deal.cpp(67): error C2065: “fout”: 未声明的标识符
     1>Deal.cpp(68): error C2065: “fout”: 未声明的标识符
     1>Deal.cpp(69): error C2065: “fout”: 未声明的标识符
     1>Deal.cpp(70): error C2065: “fout”: 未声明的标识符
     1>Deal.cpp(73): error C2065: “fout”: 未声明的标识符
     1>Deal.cpp(74): error C2065: “fout”: 未声明的标识符
     1>Deal.cpp(75): error C2065: “fout”: 未声明的标识符
     1>Deal.cpp(76): error C2065: “fout”: 未声明的标识符
     1>Deal.cpp(77): error C2065: “fout”: 未声明的标识符
     1>Deal.cpp(78): error C2065: “fout”: 未声明的标识符
     1>Deal.cpp(79): error C2065: “fout”: 未声明的标识符
     1>Deal.cpp(80): error C2065: “fout”: 未声明的标识符
     1>Deal.cpp(81): error C2065: “fout”: 未声明的标识符
     1>Deal.cpp(82): error C2065: “fout”: 未声明的标识符
     1>Deal.cpp(83): error C2065: “fout”: 未声明的标识符
     1>Deal.cpp(84): error C2065: “fout”: 未声明的标识符
     1>Deal.cpp(94): error C2065: “fout”: 未声明的标识符
     1>Deal.cpp(95): error C2065: “fout”: 未声明的标识符
     1>Deal.cpp(96): error C2065: “fout”: 未声明的标识符
     1>Deal.cpp(97): error C2065: “fout”: 未声明的标识符
     1>Deal.cpp(142): error C2065: “fout”: 未声明的标识符
     1>Deal.cpp(153): error C2065: “fout”: 未声明的标识符
     1>Deal.cpp(154): error C2065: “fout”: 未声明的标识符
     1>Deal.cpp(155): error C2065: “fout”: 未声明的标识符
     1>Deal.cpp(156): error C2065: “fout”: 未声明的标识符
     1>Deal.cpp(183): error C2065: “fout”: 未声明的标识符
     1>已完成生成项目“C:\Users\Azro\documents\visual studio 2013\Projects\Change\Change\Change.vcxproj”(Build 个目标)的操作 - 失败。

生成失败。

已用时间 00:00:00.73
