d:\cppproject\redirect\redirect\x64\debug\redirect.pch
d:\cppproject\redirect\redirect\x64\debug\vc120.pdb
d:\cppproject\redirect\redirect\x64\debug\stdafx.obj
d:\cppproject\redirect\redirect\x64\debug\redirect.obj
d:\cppproject\redirect\redirect\x64\debug\main.obj
d:\cppproject\redirect\redirect\x64\debug\moc_redirect.obj
d:\cppproject\redirect\redirect\x64\debug\qrc_redirect.obj
d:\cppproject\redirect\redirect\generatedfiles\debug\moc_redirect.cpp
d:\cppproject\redirect\redirect\generatedfiles\ui_redirect.h
d:\cppproject\redirect\redirect\generatedfiles\qrc_redirect.cpp
d:\cppproject\_all\x64\debug\redirect.ilk
d:\cppproject\_all\x64\debug\redirect.exe
d:\cppproject\_all\x64\debug\redirect.pdb
d:\cppproject\redirect\redirect\x64\debug\redirect.res
d:\cppproject\redirect\redirect\x64\debug\redirect.tlog\cl.command.1.tlog
d:\cppproject\redirect\redirect\x64\debug\redirect.tlog\cl.read.1.tlog
d:\cppproject\redirect\redirect\x64\debug\redirect.tlog\cl.write.1.tlog
d:\cppproject\redirect\redirect\x64\debug\redirect.tlog\custombuild.command.1.tlog
d:\cppproject\redirect\redirect\x64\debug\redirect.tlog\custombuild.read.1.tlog
d:\cppproject\redirect\redirect\x64\debug\redirect.tlog\custombuild.write.1.tlog
d:\cppproject\redirect\redirect\x64\debug\redirect.tlog\link.command.1.tlog
d:\cppproject\redirect\redirect\x64\debug\redirect.tlog\link.read.1.tlog
d:\cppproject\redirect\redirect\x64\debug\redirect.tlog\link.write.1.tlog
d:\cppproject\redirect\redirect\x64\debug\redirect.tlog\rc.command.1.tlog
d:\cppproject\redirect\redirect\x64\debug\redirect.tlog\rc.read.1.tlog
d:\cppproject\redirect\redirect\x64\debug\redirect.tlog\rc.write.1.tlog
