生成启动时间为 2015/4/10 13:53:28。
     1>项目“D:\CPPProject\Redirect\Redirect\Redirect.vcxproj”在节点 3 上(Rebuild 个目标)。
     1>CustomBuild:
         Moc'ing redirect.h...
         Uic'ing redirect.ui...
         Rcc'ing redirect.qrc...
     1>RCC : warning : No resources in 'D:\CPPProject\Redirect\Redirect\redirect.qrc'.
         
     1>C:\Program Files (x86)\MSBuild\Microsoft.Cpp\v4.0\V120\Microsoft.CppBuild.targets(935,5): warning MSB8027: Two or more files with the name of moc_redirect.cpp will produce outputs to the same location. This can lead to an incorrect build result.  The files involved are GeneratedFiles\Debug\moc_redirect.cpp, GeneratedFiles\Release\moc_redirect.cpp.
       ClCompile:
         C:\Program Files (x86)\Microsoft Visual Studio 12.0\VC\bin\x86_amd64\CL.exe /c /I.\GeneratedFiles /I. /IC:\Qt\Qt5.4.1\5.4\msvc2013_64_opengl\include /I.\GeneratedFiles\Debug /IC:\Qt\Qt5.4.1\5.4\msvc2013_64_opengl\include\QtCore /IC:\Qt\Qt5.4.1\5.4\msvc2013_64_opengl\include\QtGui /IC:\Qt\Qt5.4.1\5.4\msvc2013_64_opengl\include\QtTest /IC:\Qt\Qt5.4.1\5.4\msvc2013_64_opengl\include\ActiveQt /IC:\Qt\Qt5.4.1\5.4\msvc2013_64_opengl\include\QtHelp /IC:\Qt\Qt5.4.1\5.4\msvc2013_64_opengl\include\QtOpenGL /IC:\Qt\Qt5.4.1\5.4\msvc2013_64_opengl\include\QtWidgets /Zi /nologo /W1 /WX- /Od /D UNICODE /D WIN32 /D WIN64 /D QT_DLL /D QT_CORE_LIB /D QT_GUI_LIB /D QT_TESTLIB_LIB /D QT_HELP_LIB /D QT_OPENGL_LIB /D QT_WIDGETS_LIB /Gm- /EHsc /MDd /GS /fp:precise /Zc:wchar_t /Zc:forScope /Yc"stdafx.h" /Fp"x64\Debug\Redirect.pch" /Fo"x64\Debug\\" /Fd"x64\Debug\vc120.pdb" /Gd /TP /errorReport:prompt stdafx.cpp
         stdafx.cpp
         C:\Program Files (x86)\Microsoft Visual Studio 12.0\VC\bin\x86_amd64\CL.exe /c /I.\GeneratedFiles /I. /IC:\Qt\Qt5.4.1\5.4\msvc2013_64_opengl\include /I.\GeneratedFiles\Debug /IC:\Qt\Qt5.4.1\5.4\msvc2013_64_opengl\include\QtCore /IC:\Qt\Qt5.4.1\5.4\msvc2013_64_opengl\include\QtGui /IC:\Qt\Qt5.4.1\5.4\msvc2013_64_opengl\include\QtTest /IC:\Qt\Qt5.4.1\5.4\msvc2013_64_opengl\include\ActiveQt /IC:\Qt\Qt5.4.1\5.4\msvc2013_64_opengl\include\QtHelp /IC:\Qt\Qt5.4.1\5.4\msvc2013_64_opengl\include\QtOpenGL /IC:\Qt\Qt5.4.1\5.4\msvc2013_64_opengl\include\QtWidgets /Zi /nologo /W1 /WX- /Od /D UNICODE /D WIN32 /D WIN64 /D QT_DLL /D QT_CORE_LIB /D QT_GUI_LIB /D QT_TESTLIB_LIB /D QT_HELP_LIB /D QT_OPENGL_LIB /D QT_WIDGETS_LIB /Gm- /EHsc /MDd /GS /fp:precise /Zc:wchar_t /Zc:forScope /Yu"stdafx.h" /Fp"x64\Debug\Redirect.pch" /Fo"x64\Debug\\" /Fd"x64\Debug\vc120.pdb" /Gd /TP /errorReport:prompt GeneratedFiles\Debug\moc_redirect.cpp main.cpp redirect.cpp
         moc_redirect.cpp
         main.cpp
         redirect.cpp
         正在生成代码...
         C:\Program Files (x86)\Microsoft Visual Studio 12.0\VC\bin\x86_amd64\CL.exe /c /I.\GeneratedFiles /I. /IC:\Qt\Qt5.4.1\5.4\msvc2013_64_opengl\include /I.\GeneratedFiles\Debug /IC:\Qt\Qt5.4.1\5.4\msvc2013_64_opengl\include\QtCore /IC:\Qt\Qt5.4.1\5.4\msvc2013_64_opengl\include\QtGui /IC:\Qt\Qt5.4.1\5.4\msvc2013_64_opengl\include\QtTest /IC:\Qt\Qt5.4.1\5.4\msvc2013_64_opengl\include\ActiveQt /IC:\Qt\Qt5.4.1\5.4\msvc2013_64_opengl\include\QtHelp /IC:\Qt\Qt5.4.1\5.4\msvc2013_64_opengl\include\QtOpenGL /IC:\Qt\Qt5.4.1\5.4\msvc2013_64_opengl\include\QtWidgets /Zi /nologo /W1 /WX- /Od /D UNICODE /D WIN32 /D WIN64 /D QT_DLL /D QT_CORE_LIB /D QT_GUI_LIB /D QT_TESTLIB_LIB /D QT_HELP_LIB /D QT_OPENGL_LIB /D QT_WIDGETS_LIB /Gm- /EHsc /MDd /GS /fp:precise /Zc:wchar_t /Zc:forScope /Fo"x64\Debug\\" /Fd"x64\Debug\vc120.pdb" /Gd /TP /errorReport:prompt GeneratedFiles\qrc_redirect.cpp
         qrc_redirect.cpp
       ResourceCompile:
         C:\Program Files (x86)\Windows Kits\8.1\bin\x86\rc.exe /l"0x0409" /nologo /fo"x64\Debug\Redirect.res" Redirect.rc 
       Link:
         C:\Program Files (x86)\Microsoft Visual Studio 12.0\VC\bin\x86_amd64\link.exe /ERRORREPORT:PROMPT /OUT:"D:\CPPProject\_ALL\x64\Debug\\Redirect.exe" /NOLOGO /LIBPATH:C:\Qt\Qt5.4.1\5.4\msvc2013_64_opengl\lib qtmaind.lib Qt5Cored.lib Qt5Guid.lib Qt5Testd.lib Qt5AxContainerd.lib Qt5AxBased.lib Qt5Helpd.lib Qt5OpenGLd.lib opengl32.lib glu32.lib Qt5Widgetsd.lib Qt5AxBase.lib kernel32.lib user32.lib gdi32.lib winspool.lib comdlg32.lib advapi32.lib shell32.lib ole32.lib oleaut32.lib uuid.lib odbc32.lib odbccp32.lib /MANIFEST /MANIFESTUAC:"level='asInvoker' uiAccess='false'" /manifest:embed /DEBUG /PDB:"D:\CPPProject\_ALL\x64\Debug\Redirect.pdb" /SUBSYSTEM:WINDOWS /TLBID:1 /DYNAMICBASE /NXCOMPAT /IMPLIB:"D:\CPPProject\_ALL\x64\Debug\Redirect.lib" /MACHINE:X64 x64\Debug\Redirect.res
         x64\Debug\moc_redirect.obj
         x64\Debug\qrc_redirect.obj
         x64\Debug\main.obj
         x64\Debug\redirect.obj
         x64\Debug\stdafx.obj
         Redirect.vcxproj -> D:\CPPProject\_ALL\x64\Debug\Redirect.exe
     1>已完成生成项目“D:\CPPProject\Redirect\Redirect\Redirect.vcxproj”(Rebuild 个目标)的操作。

生成成功。

已用时间 00:00:06.06
