生成启动时间为 2015/3/14 16:05:49。
     1>项目“E:\CPPProject\CLRS_SORT\CLRS_Chapter6\CLRS_Chapter6.vcxproj”在节点 2 上(Build 个目标)。
     1>ClCompile:
         C:\Program Files (x86)\Microsoft Visual Studio 12.0\VC\bin\CL.exe /c /Zi /nologo /W3 /WX- /sdl /O2 /Oi /Oy- /GL /D WIN32 /D NDEBUG /D _CONSOLE /D _LIB /D _UNICODE /D UNICODE /Gm- /EHsc /MD /GS /Gy /fp:precise /Zc:wchar_t /Zc:forScope /Yc"stdafx.h" /Fp"Release\CLRS_Chapter6.pch" /Fo"Release\\" /Fd"Release\vc120.pdb" /Gd /TP /analyze- /errorReport:prompt stdafx.cpp
         stdafx.cpp
         C:\Program Files (x86)\Microsoft Visual Studio 12.0\VC\bin\CL.exe /c /Zi /nologo /W3 /WX- /sdl /O2 /Oi /Oy- /GL /D WIN32 /D NDEBUG /D _CONSOLE /D _LIB /D _UNICODE /D UNICODE /Gm- /EHsc /MD /GS /Gy /fp:precise /Zc:wchar_t /Zc:forScope /Yu"stdafx.h" /Fp"Release\CLRS_Chapter6.pch" /Fo"Release\\" /Fd"Release\vc120.pdb" /Gd /TP /analyze- /errorReport:prompt CLRS_Chapter6.cpp heap.cpp MergeLinkSort.cpp PQueue.cpp queue.cpp stack.cpp
         CLRS_Chapter6.cpp
         heap.cpp
     1>heap.cpp(79): error C4996: 'fopen': This function or variable may be unsafe. Consider using fopen_s instead. To disable deprecation, use _CRT_SECURE_NO_WARNINGS. See online help for details.
                 C:\Program Files (x86)\Microsoft Visual Studio 12.0\VC\include\stdio.h(211) : 参见“fopen”的声明
         MergeLinkSort.cpp
     1>MergeLinkSort.cpp(49): error C4996: 'fopen': This function or variable may be unsafe. Consider using fopen_s instead. To disable deprecation, use _CRT_SECURE_NO_WARNINGS. See online help for details.
                 C:\Program Files (x86)\Microsoft Visual Studio 12.0\VC\include\stdio.h(211) : 参见“fopen”的声明
         PQueue.cpp
     1>PQueue.cpp(95): warning C4101: “parent”: 未引用的局部变量
     1>PQueue.cpp(111): warning C4101: “parent”: 未引用的局部变量
     1>PQueue.cpp(183): error C4996: 'fopen': This function or variable may be unsafe. Consider using fopen_s instead. To disable deprecation, use _CRT_SECURE_NO_WARNINGS. See online help for details.
                 C:\Program Files (x86)\Microsoft Visual Studio 12.0\VC\include\stdio.h(211) : 参见“fopen”的声明
         queue.cpp
         stack.cpp
     1>已完成生成项目“E:\CPPProject\CLRS_SORT\CLRS_Chapter6\CLRS_Chapter6.vcxproj”(Build 个目标)的操作 - 失败。

生成失败。

已用时间 00:00:00.88
