生成启动时间为 2015/4/10 14:52:37。
     1>项目“D:\CPPProject\_ALL\CLRS_SORT\CLRS_Chapter4\CLRS_Chapter4.vcxproj”在节点 3 上(Build 个目标)。
     1>C:\Program Files (x86)\MSBuild\Microsoft.Cpp\v4.0\V120\Microsoft.CppBuild.targets(381,5): warning MSB8028: The intermediate directory (Debug\) contains files shared from another project (CLRS_Chapter4.vcxproj).  This can lead to incorrect clean and rebuild behavior.
     1>ClCompile:
         C:\Program Files (x86)\Microsoft Visual Studio 12.0\VC\bin\CL.exe /c /ZI /nologo /W3 /WX- /sdl /Od /Oy- /D WIN32 /D _DEBUG /D _CONSOLE /D _LIB /D _UNICODE /D UNICODE /Gm /EHsc /RTC1 /MDd /GS /fp:precise /Zc:wchar_t /Zc:forScope /Yc"stdafx.h" /Fp"Debug\CLRS_Chapter__4.pch" /Fo"Debug\\" /Fd"Debug\vc120.pdb" /Gd /TP /analyze- /errorReport:prompt stdafx.cpp
         stdafx.cpp
         C:\Program Files (x86)\Microsoft Visual Studio 12.0\VC\bin\CL.exe /c /ZI /nologo /W3 /WX- /sdl /Od /Oy- /D WIN32 /D _DEBUG /D _CONSOLE /D _LIB /D _UNICODE /D UNICODE /Gm /EHsc /RTC1 /MDd /GS /fp:precise /Zc:wchar_t /Zc:forScope /Yu"stdafx.h" /Fp"Debug\CLRS_Chapter__4.pch" /Fo"Debug\\" /Fd"Debug\vc120.pdb" /Gd /TP /analyze- /errorReport:prompt ArrayData.cpp CheckData.cpp CLRS_Chapter4.cpp
         CLRS_Chapter4.cpp
         CheckData.cpp
     1>d:\cppproject\_all\clrs_sort\clrs_chapter4\checkdata.cpp(10): warning C4244: “初始化”: 从“double”转换到“int”，可能丢失数据
         ArrayData.cpp
     1>d:\cppproject\_all\clrs_sort\clrs_chapter4\arraydata.cpp(14): warning C4244: “=”: 从“double”转换到“int”，可能丢失数据
         正在生成代码...
       Link:
         C:\Program Files (x86)\Microsoft Visual Studio 12.0\VC\bin\link.exe /ERRORREPORT:PROMPT /OUT:"D:\CPPProject\_ALL\Debug\CLRS_Chapter__4.exe" /INCREMENTAL /NOLOGO kernel32.lib user32.lib gdi32.lib winspool.lib comdlg32.lib advapi32.lib shell32.lib ole32.lib oleaut32.lib uuid.lib odbc32.lib odbccp32.lib /MANIFEST /MANIFESTUAC:"level='asInvoker' uiAccess='false'" /manifest:embed /DEBUG /PDB:"D:\CPPProject\_ALL\Debug\CLRS_Chapter__4.pdb" /SUBSYSTEM:CONSOLE /TLBID:1 /DYNAMICBASE /NXCOMPAT /IMPLIB:"D:\CPPProject\_ALL\Debug\CLRS_Chapter__4.lib" /MACHINE:X86 Debug\ArrayData.obj
         Debug\CheckData.obj
         Debug\CLRS_Chapter4.obj
         Debug\stdafx.obj
         CLRS_Chapter4.vcxproj -> D:\CPPProject\_ALL\Debug\CLRS_Chapter__4.exe
     1>已完成生成项目“D:\CPPProject\_ALL\CLRS_SORT\CLRS_Chapter4\CLRS_Chapter4.vcxproj”(Build 个目标)的操作。

生成成功。

已用时间 00:00:01.52
